# JRE version: OpenJDK Runtime Environment Microsoft-8035246 (17.0.8+7) (build 17.0.8+7-LTS)
# Java VM: OpenJDK 64-Bit Server VM Microsoft-8035246 (17.0.8+7-LTS, mixed mode, sharing, tiered, compressed oops, compressed class ptrs, g1 gc, windows-amd64)
GC Precious Log:
 CPUs: 12 total, 12 available
 Memory: 8021M
 Large Page Support: Disabled
 NUMA Support: Disabled
 Compressed Oops: Enabled (32-bit)
 Heap Region Size: 1M
 Heap Min Capacity: 8M
 Heap Initial Capacity: 126M
 Heap Max Capacity: 2G
 Pre-touch: Disabled
 Parallel Workers: 10
 Concurrent Workers: 3
 Concurrent Refinement Workers: 10
 Periodic GC: Disabled
Heap:
 garbage-first heap   total 89088K, used 41565K [0x0000000080000000, 0x0000000100000000)
  region size 1024K, 21 young (21504K), 5 survivors (5120K)
 Metaspace       used 29740K, committed 30144K, reserved 491520K
  class space    used 4221K, committed 4416K, reserved 425984K
GC Heap History (10 events):
Event: 1.055 GC heap before
{Heap before GC invocations=0 (full 0):
 garbage-first heap   total 129024K, used 26624K [0x0000000080000000, 0x0000000100000000)
  region size 1024K, 23 young (23552K), 0 survivors (0K)
 Metaspace       used 3077K, committed 3200K, reserved 491520K
  class space    used 366K, committed 448K, reserved 425984K
}
Event: 1.073 GC heap after
{Heap after GC invocations=1 (full 0):
 garbage-first heap   total 129024K, used 10933K [0x0000000080000000, 0x0000000100000000)
  region size 1024K, 3 young (3072K), 3 survivors (3072K)
 Metaspace       used 3077K, committed 3200K, reserved 491520K
  class space    used 366K, committed 448K, reserved 425984K
}
Event: 1.725 GC heap before
{Heap before GC invocations=1 (full 0):
 garbage-first heap   total 129024K, used 40629K [0x0000000080000000, 0x0000000100000000)
  region size 1024K, 30 young (30720K), 3 survivors (3072K)
 Metaspace       used 4619K, committed 4800K, reserved 491520K
  class space    used 582K, committed 640K, reserved 425984K
}
Event: 1.734 GC heap after
{Heap after GC invocations=2 (full 0):
 garbage-first heap   total 129024K, used 15184K [0x0000000080000000, 0x0000000100000000)
  region size 1024K, 3 young (3072K), 3 survivors (3072K)
 Metaspace       used 4619K, committed 4800K, reserved 491520K
  class space    used 582K, committed 640K, reserved 425984K
}
Event: 4.701 GC heap before
{Heap before GC invocations=2 (full 0):
 garbage-first heap   total 129024K, used 82768K [0x0000000080000000, 0x0000000100000000)
  region size 1024K, 69 young (70656K), 3 survivors (3072K)
 Metaspace       used 14686K, committed 14912K, reserved 491520K
  class space    used 2016K, committed 2112K, reserved 425984K
}
Event: 4.794 GC heap after
{Heap after GC invocations=3 (full 0):
 garbage-first heap   total 129024K, used 21429K [0x0000000080000000, 0x0000000100000000)
  region size 1024K, 9 young (9216K), 9 survivors (9216K)
 Metaspace       used 14686K, committed 14912K, reserved 491520K
  class space    used 2016K, committed 2112K, reserved 425984K
}
Event: 6.499 GC heap before
{Heap before GC invocations=3 (full 0):
 garbage-first heap   total 129024K, used 67509K [0x0000000080000000, 0x0000000100000000)
  region size 1024K, 54 young (55296K), 9 survivors (9216K)
 Metaspace       used 21196K, committed 21504K, reserved 491520K
  class space    used 2928K, committed 3072K, reserved 425984K
}
Event: 6.507 GC heap after
{Heap after GC invocations=4 (full 0):
 garbage-first heap   total 129024K, used 24101K [0x0000000080000000, 0x0000000100000000)
  region size 1024K, 3 young (3072K), 3 survivors (3072K)
 Metaspace       used 21196K, committed 21504K, reserved 491520K
  class space    used 2928K, committed 3072K, reserved 425984K
}
Event: 8.453 GC heap before
{Heap before GC invocations=5 (full 0):
 garbage-first heap   total 89088K, used 73253K [0x0000000080000000, 0x0000000100000000)
  region size 1024K, 52 young (53248K), 3 survivors (3072K)
 Metaspace       used 27678K, committed 28032K, reserved 491520K
  class space    used 3920K, committed 4096K, reserved 425984K
}
Event: 8.459 GC heap after
{Heap after GC invocations=6 (full 0):
 garbage-first heap   total 89088K, used 26205K [0x0000000080000000, 0x0000000100000000)
  region size 1024K, 5 young (5120K), 5 survivors (5120K)
 Metaspace       used 27678K, committed 28032K, reserved 491520K
  class space    used 3920K, committed 4096K, reserved 425984K
}

